<component name="libraryTable">
  <library name="junit-jupiter-5.12.1">
    <CLASSES>
      <root url="jar://$USER_HOME$/Downloads/ua1331junit/lib/junit-jupiter-5.12.1.jar!/" />
      <root url="jar://$USER_HOME$/Downloads/ua1331junit/lib/junit-jupiter-api-5.12.1.jar!/" />
      <root url="jar://$USER_HOME$/Downloads/ua1331junit/lib/junit-jupiter-engine-5.12.1.jar!/" />
      <root url="jar://$USER_HOME$/Downloads/ua1331junit/lib/junit-jupiter-params-5.12.1.jar!/" />
      <root url="jar://$USER_HOME$/Downloads/ua1331junit/lib/junit-platform-commons-1.12.1.jar!/" />
      <root url="jar://$USER_HOME$/Downloads/ua1331junit/lib/junit-platform-engine-1.12.1.jar!/" />
    </CLASSES>
    <JAVADOC />
    <SOURCES />
  </library>
</component>